<?xml version="1.0" encoding="UTF-8"?>
<!-- Generated by org.testng.reporters.JUnitXMLReporter -->
<testsuite hostname="Maitrey_Patel" ignored="0" name="Test" tests="4" failures="0" timestamp="2020-03-30T20:40:48 EDT" time="0.06" errors="0">
  <testcase name="browserAutomation" time="0.006" classname="maitreyproject.SeleniumTest"/>
  <testcase name="elementUi" time="0.001" classname="maitreyproject.SeleniumTest"/>
  <testcase name="iosApps" time="0.0" classname="maitreyproject.AppiumTest"/>
  <testcase name="nativeappAndroid" time="0.001" classname="maitreyproject.AppiumTest"/>
</testsuite> <!-- Test -->
